2025-09-23 19:11:23, MOVE, v:1, k:toalha, mode:PICK
2025-09-23 19:11:23, EXEC, v:1, k:toalha, mode:LOCK, rate:0, size:56
2025-09-23 19:11:26, MOVE, v:1, k:toalha, mode:BACK
2025-09-23 19:11:32, MOVE, v:1, k:toalha, mode:PICK
2025-09-23 19:11:35, EXEC, v:1, k:toalha, mode:LOCK, rate:0
2025-09-23 19:11:36, EXEC, v:1, k:toalha, mode:LOCK, rate:0
2025-09-23 19:11:47, EXEC, v:1, k:toalha, mode:LOCK, rate:0
2025-09-23 19:11:47, EXEC, v:1, k:toalha, mode:FREE
2025-09-23 19:14:24, MOVE, v:1, k:toalha, mode:BACK
2025-09-23 19:15:06, MOVE, v:1, k:enxugar, mode:DOWN
2025-09-23 19:15:08, MOVE, v:1, k:enxugar, mode:PICK
2025-09-23 19:15:10, EXEC, v:1, k:enxugar, mode:FULL, rate:0, size:0
2025-09-23 19:17:00, MOVE, v:1, k:enxugar, mode:BACK
2025-09-23 19:17:03, MOVE, v:1, k:enxugar, mode:PICK
2025-09-23 19:17:43, MOVE, v:1, k:enxugar, mode:PICK
2025-09-23 19:17:45, EXEC, v:1, k:enxugar, mode:FULL, rate:0
2025-09-23 19:19:34, EXEC, v:1, k:enxugar, mode:FULL, rate:0
2025-09-23 19:19:35, EXEC, v:1, k:enxugar, mode:FULL, rate:0
2025-09-23 19:19:46, MOVE, v:1, k:enxugar, mode:BACK
2025-09-23 19:21:13, MOVE, v:1, k:enxugar, mode:PICK
2025-09-23 19:21:14, EXEC, v:1, k:enxugar, mode:FULL, rate:0
2025-09-23 19:21:52, EXEC, v:1, k:enxugar, mode:FULL, rate:0
2025-09-23 19:21:57, EXEC, v:1, k:enxugar, mode:FULL, rate:0
2025-09-23 19:22:17, EXEC, v:1, k:enxugar, mode:FULL, rate:0
2025-09-23 19:22:19, EXEC, v:1, k:enxugar, mode:FULL, rate:0
2025-09-23 19:23:07, EXEC, v:1, k:enxugar, mode:FULL, rate:0
2025-09-23 19:23:08, EXEC, v:1, k:enxugar, mode:FULL, rate:0
2025-09-23 19:23:09, EXEC, v:1, k:enxugar, mode:FULL, rate:0
2025-09-23 19:23:09, EXEC, v:1, k:enxugar, mode:FULL, rate:0
2025-09-23 19:23:09, EXEC, v:1, k:enxugar, mode:FULL, rate:0
2025-09-23 19:23:09, EXEC, v:1, k:enxugar, mode:FULL, rate:0
2025-09-23 19:23:10, EXEC, v:1, k:enxugar, mode:FULL, rate:0
2025-09-23 19:24:46, EXEC, v:1, k:enxugar, mode:FULL, rate:0
2025-09-23 19:24:47, EXEC, v:1, k:enxugar, mode:FULL, rate:0
2025-09-23 19:25:13, EXEC, v:1, k:enxugar, mode:FULL, rate:0
2025-09-23 19:26:15, EXEC, v:1, k:enxugar, mode:FULL, rate:0
2025-09-23 19:26:16, EXEC, v:1, k:enxugar, mode:FULL, rate:0
2025-09-23 19:26:16, EXEC, v:1, k:enxugar, mode:FULL, rate:0
2025-09-23 19:26:17, EXEC, v:1, k:enxugar, mode:FULL, rate:0
2025-09-23 19:26:18, EXEC, v:1, k:enxugar, mode:FULL, rate:0
2025-09-23 19:26:19, EXEC, v:1, k:enxugar, mode:FULL, rate:0
2025-09-23 19:26:20, EXEC, v:1, k:enxugar, mode:FULL, rate:0
2025-09-23 19:26:42, EXEC, v:1, k:enxugar, mode:FULL, rate:0
2025-09-23 19:26:43, EXEC, v:1, k:enxugar, mode:FULL, rate:0
2025-09-23 19:26:44, EXEC, v:1, k:enxugar, mode:FULL, rate:0
2025-09-23 19:26:45, EXEC, v:1, k:enxugar, mode:FREE
2025-09-23 19:27:09, EXEC, v:1, k:enxugar, mode:FULL, rate:0
2025-09-23 19:40:39, EXEC, v:1, k:enxugar, mode:FULL, rate:0
2025-09-23 19:40:40, EXEC, v:1, k:enxugar, mode:FULL, rate:0
2025-09-23 19:40:41, EXEC, v:1, k:enxugar, mode:FULL, rate:0
2025-09-23 19:41:08, EXEC, v:1, k:enxugar, mode:FULL, rate:0
2025-09-23 19:41:09, EXEC, v:1, k:enxugar, mode:FULL, rate:0
2025-09-23 19:41:10, EXEC, v:1, k:enxugar, mode:FULL, rate:0
2025-09-23 19:41:16, EXEC, v:1, k:enxugar, mode:FULL, rate:0
2025-09-23 19:41:54, EXEC, v:1, k:enxugar, mode:FULL, rate:0
2025-09-23 19:42:29, EXEC, v:1, k:enxugar, mode:FREE
2025-09-23 19:49:41, MOVE, v:1, k:enxugar, mode:BACK
2025-09-23 19:49:56, MOVE, v:1, k:toalha, mode:PICK
2025-09-23 19:49:57, EXEC, v:1, k:toalha, mode:LOCK, rate:0
2025-09-23 19:49:59, EXEC, v:1, k:toalha, mode:FREE
2025-09-23 19:50:10, MOVE, v:1, k:toalha, mode:BACK
2025-09-23 19:50:13, MOVE, v:1, k:enxugar, mode:PICK
2025-09-23 19:50:14, EXEC, v:1, k:enxugar, mode:FULL, rate:0
2025-09-23 19:50:17, EXEC, v:1, k:enxugar, mode:FREE
